#
# There is insufficient memory for the Java Runtime Environment to continue.
# Native memory allocation (malloc) failed to allocate 80272 bytes for Chunk::new
# Possible reasons:
#   The system is out of physical RAM or swap space
#   The process is running with CompressedOops enabled, and the Java Heap may be blocking the growth of the native heap
# Possible solutions:
#   Reduce memory load on the system
#   Increase physical memory or swap space
#   Check if swap backing store is full
#   Decrease Java heap size (-Xmx/-Xms)
#   Decrease number of Java threads
#   Decrease Java thread stack sizes (-Xss)
#   Set larger code cache with -XX:ReservedCodeCacheSize=
#   JVM is running with Unscaled Compressed Oops mode in which the Java heap is
#     placed in the first 4GB address space. The Java Heap base address is the
#     maximum limit for the native heap growth. Please use -XX:HeapBaseMinAddress
#     to set the Java Heap base and to place the Java Heap above 4GB virtual address.
# This output file may be truncated or incomplete.
#
#  Out of Memory Error (arena.cpp:189), pid=40520, tid=44756
#
# JRE version: Java(TM) SE Runtime Environment (17.0.9+11) (build 17.0.9+11-LTS-201)
# Java VM: Java HotSpot(TM) 64-Bit Server VM (17.0.9+11-LTS-201, mixed mode, tiered, compressed oops, compressed class ptrs, g1 gc, windows-amd64)
# No core dump will be written. Minidumps are not enabled by default on client versions of Windows
#

---------------  S U M M A R Y ------------

Command Line: -Dfile.encoding=windows-1252 -Dstdout.encoding=windows-1252 -Dstderr.encoding=windows-1252 -XX:+ShowCodeDetailsInExceptionMessages selenium.Scroll

Host: Intel(R) Core(TM) i5-8265U CPU @ 1.60GHz, 8 cores, 7G,  Windows 10 , 64 bit Build 19041 (10.0.19041.3636)
Time: Thu Feb  8 23:28:18 2024 India Standard Time elapsed time: 0.557022 seconds (0d 0h 0m 0s)

---------------  T H R E A D  ---------------

Current thread (0x0000025f63025000):  JavaThread "C2 CompilerThread0" daemon [_thread_in_native, id=44756, stack(0x0000006078500000,0x0000006078600000)]


Current CompileTask:
C2:    557  260       4       java.lang.StringBuilder::append (8 bytes)

Stack: [0x0000006078500000,0x0000006078600000]
Native frames: (J=compiled Java code, j=interpreted, Vv=VM code, C=native code)
V  [jvm.dll+0x678a4a]
V  [jvm.dll+0x7d9cfd]
V  [jvm.dll+0x7db60e]
V  [jvm.dll+0x7dbc73]
V  [jvm.dll+0x245e1f]
V  [jvm.dll+0xaaafb]
V  [jvm.dll+0xab09c]
V  [jvm.dll+0x36237e]
V  [jvm.dll+0x32ca01]
V  [jvm.dll+0x32be9a]
V  [jvm.dll+0x21812f]
V  [jvm.dll+0x217561]
V  [jvm.dll+0x1a3bc0]
V  [jvm.dll+0x2272de]
V  [jvm.dll+0x22548b]
V  [jvm.dll+0x78f58c]
V  [jvm.dll+0x78998a]
V  [jvm.dll+0x677875]
C  [ucrtbase.dll+0x21bb2]
C  [KERNEL32.DLL+0x17344]
C  [ntdll.dll+0x526b1]


---------------  P R O C E S S  ---------------

Threads class SMR info:
_java_thread_list=0x0000025f63174c00, length=12, elements={
0x0000025f40b06920, 0x0000025f5eb9e620, 0x0000025f5eb9fdd0, 0x0000025f6300e050,
0x0000025f63033250, 0x0000025f6302db30, 0x0000025f630234c0, 0x0000025f63025000,
0x0000025f63027d80, 0x0000025f6303dee0, 0x0000025f63192160, 0x0000025f631b7010
}

Java Threads: ( => current thread )
  0x0000025f40b06920 JavaThread "main" [_thread_in_vm, id=7920, stack(0x0000006077800000,0x0000006077900000)]
  0x0000025f5eb9e620 JavaThread "Reference Handler" daemon [_thread_blocked, id=42232, stack(0x0000006077f00000,0x0000006078000000)]
  0x0000025f5eb9fdd0 JavaThread "Finalizer" daemon [_thread_blocked, id=33660, stack(0x0000006078000000,0x0000006078100000)]
  0x0000025f6300e050 JavaThread "Signal Dispatcher" daemon [_thread_blocked, id=24640, stack(0x0000006078100000,0x0000006078200000)]
  0x0000025f63033250 JavaThread "Attach Listener" daemon [_thread_blocked, id=31940, stack(0x0000006078200000,0x0000006078300000)]
  0x0000025f6302db30 JavaThread "Service Thread" daemon [_thread_blocked, id=36916, stack(0x0000006078300000,0x0000006078400000)]
  0x0000025f630234c0 JavaThread "Monitor Deflation Thread" daemon [_thread_blocked, id=7268, stack(0x0000006078400000,0x0000006078500000)]
=>0x0000025f63025000 JavaThread "C2 CompilerThread0" daemon [_thread_in_native, id=44756, stack(0x0000006078500000,0x0000006078600000)]
  0x0000025f63027d80 JavaThread "C1 CompilerThread0" daemon [_thread_blocked, id=40624, stack(0x0000006078600000,0x0000006078700000)]
  0x0000025f6303dee0 JavaThread "Sweeper thread" daemon [_thread_blocked, id=40900, stack(0x0000006078700000,0x0000006078800000)]
  0x0000025f63192160 JavaThread "Notification Thread" daemon [_thread_blocked, id=43288, stack(0x0000006078800000,0x0000006078900000)]
  0x0000025f631b7010 JavaThread "Common-Cleaner" daemon [_thread_blocked, id=7980, stack(0x0000006078a00000,0x0000006078b00000)]

Other Threads:
  0x0000025f5eb36d80 VMThread "VM Thread" [stack: 0x0000006077e00000,0x0000006077f00000] [id=42044]
  0x0000025f40b945d0 WatcherThread [stack: 0x0000006078900000,0x0000006078a00000] [id=41544]
  0x0000025f40b5fad0 GCTaskThread "GC Thread#0" [stack: 0x0000006077900000,0x0000006077a00000] [id=16556]
  0x0000025f40b71bd0 ConcurrentGCThread "G1 Main Marker" [stack: 0x0000006077a00000,0x0000006077b00000] [id=40784]
  0x0000025f40b725e0 ConcurrentGCThread "G1 Conc#0" [stack: 0x0000006077b00000,0x0000006077c00000] [id=16044]
  0x0000025f5e9d00a0 ConcurrentGCThread "G1 Refine#0" [stack: 0x0000006077c00000,0x0000006077d00000] [id=38540]
  0x0000025f5e9d08e0 ConcurrentGCThread "G1 Service" [stack: 0x0000006077d00000,0x0000006077e00000] [id=19832]

Threads with active compile tasks:
C2 CompilerThread0      598  260       4       java.lang.StringBuilder::append (8 bytes)

VM state: not at safepoint (normal execution)

VM Mutex/Monitor currently owned by a thread:  ([mutex/lock_event])
[0x0000025f40b00090] Metaspace_lock - owner thread: 0x0000025f40b06920

OutOfMemory and StackOverflow Exception counts:
OutOfMemoryError java_heap_errors=5

Heap address: 0x0000000083000000, size: 2000 MB, Compressed Oops mode: 32-bit

CDS archive(s) not mapped
Compressed class space mapped at: 0x0000000100000000-0x0000000140000000, reserved size: 1073741824
Narrow klass base: 0x0000000000000000, Narrow klass shift: 3, Narrow klass range: 0x140000000

GC Precious Log:
 CPUs: 8 total, 8 available
 Memory: 7998M
 Large Page Support: Disabled
 NUMA Support: Disabled
 Compressed Oops: Enabled (32-bit)
 Heap Region Size: 1M
 Heap Min Capacity: 8M
 Heap Initial Capacity: 126M
 Heap Max Capacity: 2000M
 Pre-touch: Disabled
 Parallel Workers: 8
 Concurrent Workers: 2
 Concurrent Refinement Workers: 8
 Periodic GC: Disabled

Heap:
 garbage-first heap   total 129024K, used 2048K [0x0000000083000000, 0x0000000100000000)
  region size 1024K, 4 young (4096K), 0 survivors (0K)
 Metaspace       used 6920K, committed 7040K, reserved 1114112K
  class space    used 601K, committed 704K, reserved 1048576K

Heap Regions: E=young(eden), S=young(survivor), O=old, HS=humongous(starts), HC=humongous(continues), CS=collection set, F=free, OA=open archive, CA=closed archive, TAMS=top-at-mark-start (previous, next)
|   0|0x0000000083000000, 0x0000000083000000, 0x0000000083100000|  0%| F|  |TAMS 0x0000000083000000, 0x0000000083000000| Untracked 
|   1|0x0000000083100000, 0x0000000083100000, 0x0000000083200000|  0%| F|  |TAMS 0x0000000083100000, 0x0000000083100000| Untracked 
|   2|0x0000000083200000, 0x0000000083200000, 0x0000000083300000|  0%| F|  |TAMS 0x0000000083200000, 0x0000000083200000| Untracked 
|   3|0x0000000083300000, 0x0000000083300000, 0x0000000083400000|  0%| F|  |TAMS 0x0000000083300000, 0x0000000083300000| Untracked 
|   4|0x0000000083400000, 0x0000000083400000, 0x0000000083500000|  0%| F|  |TAMS 0x0000000083400000, 0x0000000083400000| Untracked 
|   5|0x0000000083500000, 0x0000000083500000, 0x0000000083600000|  0%| F|  |TAMS 0x0000000083500000, 0x0000000083500000| Untracked 
|   6|0x0000000083600000, 0x0000000083600000, 0x0000000083700000|  0%| F|  |TAMS 0x0000000083600000, 0x0000000083600000| Untracked 
|   7|0x0000000083700000, 0x0000000083700000, 0x0000000083800000|  0%| F|  |TAMS 0x0000000083700000, 0x0000000083700000| Untracked 
|   8|0x0000000083800000, 0x0000000083800000, 0x0000000083900000|  0%| F|  |TAMS 0x0000000083800000, 0x0000000083800000| Untracked 
|   9|0x0000000083900000, 0x0000000083900000, 0x0000000083a00000|  0%| F|  |TAMS 0x0000000083900000, 0x0000000083900000| Untracked 
|  10|0x0000000083a00000, 0x0000000083a00000, 0x0000000083b00000|  0%| F|  |TAMS 0x0000000083a00000, 0x0000000083a00000| Untracked 
|  11|0x0000000083b00000, 0x0000000083b00000, 0x0000000083c00000|  0%| F|  |TAMS 0x0000000083b00000, 0x0000000083b00000| Untracked 
|  12|0x0000000083c00000, 0x0000000083c00000, 0x0000000083d00000|  0%| F|  |TAMS 0x0000000083c00000, 0x0000000083c00000| Untracked 
|  13|0x0000000083d00000, 0x0000000083d00000, 0x0000000083e00000|  0%| F|  |TAMS 0x0000000083d00000, 0x0000000083d00000| Untracked 
|  14|0x0000000083e00000, 0x0000000083e00000, 0x0000000083f00000|  0%| F|  |TAMS 0x0000000083e00000, 0x0000000083e00000| Untracked 
|  15|0x0000000083f00000, 0x0000000083f00000, 0x0000000084000000|  0%| F|  |TAMS 0x0000000083f00000, 0x0000000083f00000| Untracked 
|  16|0x0000000084000000, 0x0000000084000000, 0x0000000084100000|  0%| F|  |TAMS 0x0000000084000000, 0x0000000084000000| Untracked 
|  17|0x0000000084100000, 0x0000000084100000, 0x0000000084200000|  0%| F|  |TAMS 0x0000000084100000, 0x0000000084100000| Untracked 
|  18|0x0000000084200000, 0x0000000084200000, 0x0000000084300000|  0%| F|  |TAMS 0x0000000084200000, 0x0000000084200000| Untracked 
|  19|0x0000000084300000, 0x0000000084300000, 0x0000000084400000|  0%| F|  |TAMS 0x0000000084300000, 0x0000000084300000| Untracked 
|  20|0x0000000084400000, 0x0000000084400000, 0x0000000084500000|  0%| F|  |TAMS 0x0000000084400000, 0x0000000084400000| Untracked 
|  21|0x0000000084500000, 0x0000000084500000, 0x0000000084600000|  0%| F|  |TAMS 0x0000000084500000, 0x0000000084500000| Untracked 
|  22|0x0000000084600000, 0x0000000084600000, 0x0000000084700000|  0%| F|  |TAMS 0x0000000084600000, 0x0000000084600000| Untracked 
|  23|0x0000000084700000, 0x0000000084700000, 0x0000000084800000|  0%| F|  |TAMS 0x0000000084700000, 0x0000000084700000| Untracked 
|  24|0x0000000084800000, 0x0000000084800000, 0x0000000084900000|  0%| F|  |TAMS 0x0000000084800000, 0x0000000084800000| Untracked 
|  25|0x0000000084900000, 0x0000000084900000, 0x0000000084a00000|  0%| F|  |TAMS 0x0000000084900000, 0x0000000084900000| Untracked 
|  26|0x0000000084a00000, 0x0000000084a00000, 0x0000000084b00000|  0%| F|  |TAMS 0x0000000084a00000, 0x0000000084a00000| Untracked 
|  27|0x0000000084b00000, 0x0000000084b00000, 0x0000000084c00000|  0%| F|  |TAMS 0x0000000084b00000, 0x0000000084b00000| Untracked 
|  28|0x0000000084c00000, 0x0000000084c00000, 0x0000000084d00000|  0%| F|  |TAMS 0x0000000084c00000, 0x0000000084c00000| Untracked 
|  29|0x0000000084d00000, 0x0000000084d00000, 0x0000000084e00000|  0%| F|  |TAMS 0x0000000084d00000, 0x0000000084d00000| Untracked 
|  30|0x0000000084e00000, 0x0000000084e00000, 0x0000000084f00000|  0%| F|  |TAMS 0x0000000084e00000, 0x0000000084e00000| Untracked 
|  31|0x0000000084f00000, 0x0000000084f00000, 0x0000000085000000|  0%| F|  |TAMS 0x0000000084f00000, 0x0000000084f00000| Untracked 
|  32|0x0000000085000000, 0x0000000085000000, 0x0000000085100000|  0%| F|  |TAMS 0x0000000085000000, 0x0000000085000000| Untracked 
|  33|0x0000000085100000, 0x0000000085100000, 0x0000000085200000|  0%| F|  |TAMS 0x0000000085100000, 0x0000000085100000| Untracked 
|  34|0x0000000085200000, 0x0000000085200000, 0x0000000085300000|  0%| F|  |TAMS 0x0000000085200000, 0x0000000085200000| Untracked 
|  35|0x0000000085300000, 0x0000000085300000, 0x0000000085400000|  0%| F|  |TAMS 0x0000000085300000, 0x0000000085300000| Untracked 
|  36|0x0000000085400000, 0x0000000085400000, 0x0000000085500000|  0%| F|  |TAMS 0x0000000085400000, 0x0000000085400000| Untracked 
|  37|0x0000000085500000, 0x0000000085500000, 0x0000000085600000|  0%| F|  |TAMS 0x0000000085500000, 0x0000000085500000| Untracked 
|  38|0x0000000085600000, 0x0000000085600000, 0x0000000085700000|  0%| F|  |TAMS 0x0000000085600000, 0x0000000085600000| Untracked 
|  39|0x0000000085700000, 0x0000000085700000, 0x0000000085800000|  0%| F|  |TAMS 0x0000000085700000, 0x0000000085700000| Untracked 
|  40|0x0000000085800000, 0x0000000085800000, 0x0000000085900000|  0%| F|  |TAMS 0x0000000085800000, 0x0000000085800000| Untracked 
|  41|0x0000000085900000, 0x0000000085900000, 0x0000000085a00000|  0%| F|  |TAMS 0x0000000085900000, 0x0000000085900000| Untracked 
|  42|0x0000000085a00000, 0x0000000085a00000, 0x0000000085b00000|  0%| F|  |TAMS 0x0000000085a00000, 0x0000000085a00000| Untracked 
|  43|0x0000000085b00000, 0x0000000085b00000, 0x0000000085c00000|  0%| F|  |TAMS 0x0000000085b00000, 0x0000000085b00000| Untracked 
|  44|0x0000000085c00000, 0x0000000085c00000, 0x0000000085d00000|  0%| F|  |TAMS 0x0000000085c00000, 0x0000000085c00000| Untracked 
|  45|0x0000000085d00000, 0x0000000085d00000, 0x0000000085e00000|  0%| F|  |TAMS 0x0000000085d00000, 0x0000000085d00000| Untracked 
|  46|0x0000000085e00000, 0x0000000085e00000, 0x0000000085f00000|  0%| F|  |TAMS 0x0000000085e00000, 0x0000000085e00000| Untracked 
|  47|0x0000000085f00000, 0x0000000085f00000, 0x0000000086000000|  0%| F|  |TAMS 0x0000000085f00000, 0x0000000085f00000| Untracked 
|  48|0x0000000086000000, 0x0000000086000000, 0x0000000086100000|  0%| F|  |TAMS 0x0000000086000000, 0x0000000086000000| Untracked 
|  49|0x0000000086100000, 0x0000000086100000, 0x0000000086200000|  0%| F|  |TAMS 0x0000000086100000, 0x0000000086100000| Untracked 
|  50|0x0000000086200000, 0x0000000086200000, 0x0000000086300000|  0%| F|  |TAMS 0x0000000086200000, 0x0000000086200000| Untracked 
|  51|0x0000000086300000, 0x0000000086300000, 0x0000000086400000|  0%| F|  |TAMS 0x0000000086300000, 0x0000000086300000| Untracked 
|  52|0x0000000086400000, 0x0000000086400000, 0x0000000086500000|  0%| F|  |TAMS 0x0000000086400000, 0x0000000086400000| Untracked 
|  53|0x0000000086500000, 0x0000000086500000, 0x0000000086600000|  0%| F|  |TAMS 0x0000000086500000, 0x0000000086500000| Untracked 
|  54|0x0000000086600000, 0x0000000086600000, 0x0000000086700000|  0%| F|  |TAMS 0x0000000086600000, 0x0000000086600000| Untracked 
|  55|0x0000000086700000, 0x0000000086700000, 0x0000000086800000|  0%| F|  |TAMS 0x0000000086700000, 0x0000000086700000| Untracked 
|  56|0x0000000086800000, 0x0000000086800000, 0x0000000086900000|  0%| F|  |TAMS 0x0000000086800000, 0x0000000086800000| Untracked 
|  57|0x0000000086900000, 0x0000000086900000, 0x0000000086a00000|  0%| F|  |TAMS 0x0000000086900000, 0x0000000086900000| Untracked 
|  58|0x0000000086a00000, 0x0000000086a00000, 0x0000000086b00000|  0%| F|  |TAMS 0x0000000086a00000, 0x0000000086a00000| Untracked 
|  59|0x0000000086b00000, 0x0000000086b00000, 0x0000000086c00000|  0%| F|  |TAMS 0x0000000086b00000, 0x0000000086b00000| Untracked 
|  60|0x0000000086c00000, 0x0000000086c00000, 0x0000000086d00000|  0%| F|  |TAMS 0x0000000086c00000, 0x0000000086c00000| Untracked 
|  61|0x0000000086d00000, 0x0000000086d00000, 0x0000000086e00000|  0%| F|  |TAMS 0x0000000086d00000, 0x0000000086d00000| Untracked 
|  62|0x0000000086e00000, 0x0000000086e00000, 0x0000000086f00000|  0%| F|  |TAMS 0x0000000086e00000, 0x0000000086e00000| Untracked 
|  63|0x0000000086f00000, 0x0000000086f00000, 0x0000000087000000|  0%| F|  |TAMS 0x0000000086f00000, 0x0000000086f00000| Untracked 
|  64|0x0000000087000000, 0x0000000087000000, 0x0000000087100000|  0%| F|  |TAMS 0x0000000087000000, 0x0000000087000000| Untracked 
|  65|0x0000000087100000, 0x0000000087100000, 0x0000000087200000|  0%| F|  |TAMS 0x0000000087100000, 0x0000000087100000| Untracked 
|  66|0x0000000087200000, 0x0000000087200000, 0x0000000087300000|  0%| F|  |TAMS 0x0000000087200000, 0x0000000087200000| Untracked 
|  67|0x0000000087300000, 0x0000000087300000, 0x0000000087400000|  0%| F|  |TAMS 0x0000000087300000, 0x0000000087300000| Untracked 
|  68|0x0000000087400000, 0x0000000087400000, 0x0000000087500000|  0%| F|  |TAMS 0x0000000087400000, 0x0000000087400000| Untracked 
|  69|0x0000000087500000, 0x0000000087500000, 0x0000000087600000|  0%| F|  |TAMS 0x0000000087500000, 0x0000000087500000| Untracked 
|  70|0x0000000087600000, 0x0000000087600000, 0x0000000087700000|  0%| F|  |TAMS 0x0000000087600000, 0x0000000087600000| Untracked 
|  71|0x0000000087700000, 0x0000000087700000, 0x0000000087800000|  0%| F|  |TAMS 0x0000000087700000, 0x0000000087700000| Untracked 
|  72|0x0000000087800000, 0x0000000087800000, 0x0000000087900000|  0%| F|  |TAMS 0x0000000087800000, 0x0000000087800000| Untracked 
|  73|0x0000000087900000, 0x0000000087900000, 0x0000000087a00000|  0%| F|  |TAMS 0x0000000087900000, 0x0000000087900000| Untracked 
|  74|0x0000000087a00000, 0x0000000087a00000, 0x0000000087b00000|  0%| F|  |TAMS 0x0000000087a00000, 0x0000000087a00000| Untracked 
|  75|0x0000000087b00000, 0x0000000087b00000, 0x0000000087c00000|  0%| F|  |TAMS 0x0000000087b00000, 0x0000000087b00000| Untracked 
|  76|0x0000000087c00000, 0x0000000087c00000, 0x0000000087d00000|  0%| F|  |TAMS 0x0000000087c00000, 0x0000000087c00000| Untracked 
|  77|0x0000000087d00000, 0x0000000087d00000, 0x0000000087e00000|  0%| F|  |TAMS 0x0000000087d00000, 0x0000000087d00000| Untracked 
|  78|0x0000000087e00000, 0x0000000087e00000, 0x0000000087f00000|  0%| F|  |TAMS 0x0000000087e00000, 0x0000000087e00000| Untracked 
|  79|0x0000000087f00000, 0x0000000087f00000, 0x0000000088000000|  0%| F|  |TAMS 0x0000000087f00000, 0x0000000087f00000| Untracked 
|  80|0x0000000088000000, 0x0000000088000000, 0x0000000088100000|  0%| F|  |TAMS 0x0000000088000000, 0x0000000088000000| Untracked 
|  81|0x0000000088100000, 0x0000000088100000, 0x0000000088200000|  0%| F|  |TAMS 0x0000000088100000, 0x0000000088100000| Untracked 
|  82|0x0000000088200000, 0x0000000088200000, 0x0000000088300000|  0%| F|  |TAMS 0x0000000088200000, 0x0000000088200000| Untracked 
|  83|0x0000000088300000, 0x0000000088300000, 0x0000000088400000|  0%| F|  |TAMS 0x0000000088300000, 0x0000000088300000| Untracked 
|  84|0x0000000088400000, 0x0000000088400000, 0x0000000088500000|  0%| F|  |TAMS 0x0000000088400000, 0x0000000088400000| Untracked 
|  85|0x0000000088500000, 0x0000000088500000, 0x0000000088600000|  0%| F|  |TAMS 0x0000000088500000, 0x0000000088500000| Untracked 
|  86|0x0000000088600000, 0x0000000088600000, 0x0000000088700000|  0%| F|  |TAMS 0x0000000088600000, 0x0000000088600000| Untracked 
|  87|0x0000000088700000, 0x0000000088700000, 0x0000000088800000|  0%| F|  |TAMS 0x0000000088700000, 0x0000000088700000| Untracked 
|  88|0x0000000088800000, 0x0000000088800000, 0x0000000088900000|  0%| F|  |TAMS 0x0000000088800000, 0x0000000088800000| Untracked 
|  89|0x0000000088900000, 0x0000000088900000, 0x0000000088a00000|  0%| F|  |TAMS 0x0000000088900000, 0x0000000088900000| Untracked 
|  90|0x0000000088a00000, 0x0000000088a00000, 0x0000000088b00000|  0%| F|  |TAMS 0x0000000088a00000, 0x0000000088a00000| Untracked 
|  91|0x0000000088b00000, 0x0000000088b00000, 0x0000000088c00000|  0%| F|  |TAMS 0x0000000088b00000, 0x0000000088b00000| Untracked 
|  92|0x0000000088c00000, 0x0000000088c00000, 0x0000000088d00000|  0%| F|  |TAMS 0x0000000088c00000, 0x0000000088c00000| Untracked 
|  93|0x0000000088d00000, 0x0000000088d00000, 0x0000000088e00000|  0%| F|  |TAMS 0x0000000088d00000, 0x0000000088d00000| Untracked 
|  94|0x0000000088e00000, 0x0000000088e00000, 0x0000000088f00000|  0%| F|  |TAMS 0x0000000088e00000, 0x0000000088e00000| Untracked 
|  95|0x0000000088f00000, 0x0000000088f00000, 0x0000000089000000|  0%| F|  |TAMS 0x0000000088f00000, 0x0000000088f00000| Untracked 
|  96|0x0000000089000000, 0x0000000089000000, 0x0000000089100000|  0%| F|  |TAMS 0x0000000089000000, 0x0000000089000000| Untracked 
|  97|0x0000000089100000, 0x0000000089100000, 0x0000000089200000|  0%| F|  |TAMS 0x0000000089100000, 0x0000000089100000| Untracked 
|  98|0x0000000089200000, 0x0000000089200000, 0x0000000089300000|  0%| F|  |TAMS 0x0000000089200000, 0x0000000089200000| Untracked 
|  99|0x0000000089300000, 0x0000000089300000, 0x0000000089400000|  0%| F|  |TAMS 0x0000000089300000, 0x0000000089300000| Untracked 
| 100|0x0000000089400000, 0x0000000089400000, 0x0000000089500000|  0%| F|  |TAMS 0x0000000089400000, 0x0000000089400000| Untracked 
| 101|0x0000000089500000, 0x0000000089500000, 0x0000000089600000|  0%| F|  |TAMS 0x0000000089500000, 0x0000000089500000| Untracked 
| 102|0x0000000089600000, 0x0000000089600000, 0x0000000089700000|  0%| F|  |TAMS 0x0000000089600000, 0x0000000089600000| Untracked 
| 103|0x0000000089700000, 0x0000000089700000, 0x0000000089800000|  0%| F|  |TAMS 0x0000000089700000, 0x0000000089700000| Untracked 
| 104|0x0000000089800000, 0x0000000089800000, 0x0000000089900000|  0%| F|  |TAMS 0x0000000089800000, 0x0000000089800000| Untracked 
| 105|0x0000000089900000, 0x0000000089900000, 0x0000000089a00000|  0%| F|  |TAMS 0x0000000089900000, 0x0000000089900000| Untracked 
| 106|0x0000000089a00000, 0x0000000089a00000, 0x0000000089b00000|  0%| F|  |TAMS 0x0000000089a00000, 0x0000000089a00000| Untracked 
| 107|0x0000000089b00000, 0x0000000089b00000, 0x0000000089c00000|  0%| F|  |TAMS 0x0000000089b00000, 0x0000000089b00000| Untracked 
| 108|0x0000000089c00000, 0x0000000089c00000, 0x0000000089d00000|  0%| F|  |TAMS 0x0000000089c00000, 0x0000000089c00000| Untracked 
| 109|0x0000000089d00000, 0x0000000089d00000, 0x0000000089e00000|  0%| F|  |TAMS 0x0000000089d00000, 0x0000000089d00000| Untracked 
| 110|0x0000000089e00000, 0x0000000089e00000, 0x0000000089f00000|  0%| F|  |TAMS 0x0000000089e00000, 0x0000000089e00000| Untracked 
| 111|0x0000000089f00000, 0x0000000089f00000, 0x000000008a000000|  0%| F|  |TAMS 0x0000000089f00000, 0x0000000089f00000| Untracked 
| 112|0x000000008a000000, 0x000000008a000000, 0x000000008a100000|  0%| F|  |TAMS 0x000000008a000000, 0x000000008a000000| Untracked 
| 113|0x000000008a100000, 0x000000008a100000, 0x000000008a200000|  0%| F|  |TAMS 0x000000008a100000, 0x000000008a100000| Untracked 
| 114|0x000000008a200000, 0x000000008a200000, 0x000000008a300000|  0%| F|  |TAMS 0x000000008a200000, 0x000000008a200000| Untracked 
| 115|0x000000008a300000, 0x000000008a300000, 0x000000008a400000|  0%| F|  |TAMS 0x000000008a300000, 0x000000008a300000| Untracked 
| 116|0x000000008a400000, 0x000000008a400000, 0x000000008a500000|  0%| F|  |TAMS 0x000000008a400000, 0x000000008a400000| Untracked 
| 117|0x000000008a500000, 0x000000008a500000, 0x000000008a600000|  0%| F|  |TAMS 0x000000008a500000, 0x000000008a500000| Untracked 
| 118|0x000000008a600000, 0x000000008a600000, 0x000000008a700000|  0%| F|  |TAMS 0x000000008a600000, 0x000000008a600000| Untracked 
| 119|0x000000008a700000, 0x000000008a700000, 0x000000008a800000|  0%| F|  |TAMS 0x000000008a700000, 0x000000008a700000| Untracked 
| 120|0x000000008a800000, 0x000000008a800000, 0x000000008a900000|  0%| F|  |TAMS 0x000000008a800000, 0x000000008a800000| Untracked 
| 121|0x000000008a900000, 0x000000008a900000, 0x000000008aa00000|  0%| F|  |TAMS 0x000000008a900000, 0x000000008a900000| Untracked 
| 122|0x000000008aa00000, 0x000000008aafefb0, 0x000000008ab00000| 99%| E|  |TAMS 0x000000008aa00000, 0x000000008aa00000| Complete 
| 123|0x000000008ab00000, 0x000000008ac00000, 0x000000008ac00000|100%| E|  |TAMS 0x000000008ab00000, 0x000000008ab00000| Complete 
| 124|0x000000008ac00000, 0x000000008ad00000, 0x000000008ad00000|100%| E|CS|TAMS 0x000000008ac00000, 0x000000008ac00000| Complete 
| 125|0x000000008ad00000, 0x000000008ae00000, 0x000000008ae00000|100%| E|CS|TAMS 0x000000008ad00000, 0x000000008ad00000| Complete 

Card table byte_map: [0x0000025f57ad0000,0x0000025f57ec0000] _byte_map_base: 0x0000025f576b8000

Marking Bits (Prev, Next): (CMBitMap*) 0x0000025f40b61100, (CMBitMap*) 0x0000025f40b61140
 Prev Bits: [0x0000025f582b0000, 0x0000025f5a1f0000)
 Next Bits: [0x0000025f5a1f0000, 0x0000025f5c130000)

Polling page: 0x0000025f3eb00000

Metaspace:

Usage:
  Non-class:      6.17 MB used.
      Class:    601.60 KB used.
       Both:      6.76 MB used.

Virtual space:
  Non-class space:       64.00 MB reserved,       6.19 MB ( 10%) committed,  1 nodes.
      Class space:        1.00 GB reserved,     704.00 KB ( <1%) committed,  1 nodes.
             Both:        1.06 GB reserved,       6.88 MB ( <1%) committed. 

Chunk freelists:
   Non-Class:  9.00 MB
       Class:  15.25 MB
        Both:  24.25 MB

MaxMetaspaceSize: unlimited
CompressedClassSpaceSize: 1.00 GB
Initial GC threshold: 21.00 MB
Current GC threshold: 21.00 MB
CDS: off
MetaspaceReclaimPolicy: balanced
 - commit_granule_bytes: 65536.
 - commit_granule_words: 8192.
 - virtual_space_node_default_size: 8388608.
 - enlarge_chunks_in_place: 1.
 - new_chunks_are_fully_committed: 0.
 - uncommit_free_chunks: 1.
 - use_allocation_guard: 0.
 - handle_deallocations: 1.


Internal statistics:

num_allocs_failed_limit: 0.
num_arena_births: 8.
num_arena_deaths: 0.
num_vsnodes_births: 2.
num_vsnodes_deaths: 0.
num_space_committed: 110.
num_space_uncommitted: 0.
num_chunks_returned_to_freelist: 0.
num_chunks_taken_from_freelist: 33.
num_chunk_merges: 0.
num_chunk_splits: 15.
num_chunks_enlarged: 8.
num_inconsistent_stats: 0.

CodeHeap 'non-profiled nmethods': size=120000Kb used=81Kb max_used=81Kb free=119918Kb
 bounds [0x0000025f4fe80000, 0x0000025f500f0000, 0x0000025f573b0000]
CodeHeap 'profiled nmethods': size=120000Kb used=361Kb max_used=361Kb free=119638Kb
 bounds [0x0000025f483b0000, 0x0000025f48620000, 0x0000025f4f8e0000]
CodeHeap 'non-nmethods': size=5760Kb used=1099Kb max_used=1116Kb free=4660Kb
 bounds [0x0000025f4f8e0000, 0x0000025f4fb50000, 0x0000025f4fe80000]
 total_blobs=654 nmethods=279 adapters=288
 compilation: enabled
              stopped_count=0, restarted_count=0
 full_count=0

Compilation events (20 events):
Event: 0.545 Thread 0x0000025f63025000 nmethod 250 0x0000025f4fe91d90 code [0x0000025f4fe91f40, 0x0000025f4fe927e8]
Event: 0.545 Thread 0x0000025f63025000  251       4       java.util.zip.ZipFile$Source::isMetaName (141 bytes)
Event: 0.546 Thread 0x0000025f63027d80  263       3       jdk.internal.ref.CleanerImpl::getCleanerImpl (13 bytes)
Event: 0.546 Thread 0x0000025f63027d80 nmethod 263 0x0000025f48401f10 code [0x0000025f484020c0, 0x0000025f48402368]
Event: 0.546 Thread 0x0000025f63027d80  264       3       java.lang.ref.Cleaner$1::apply (9 bytes)
Event: 0.547 Thread 0x0000025f63027d80 nmethod 264 0x0000025f48402490 code [0x0000025f48402640, 0x0000025f484028b8]
Event: 0.547 Thread 0x0000025f63027d80  265       3       java.lang.ref.Cleaner$1::apply (5 bytes)
Event: 0.547 Thread 0x0000025f63027d80 nmethod 265 0x0000025f48402990 code [0x0000025f48402b20, 0x0000025f48402c38]
Event: 0.548 Thread 0x0000025f63025000 nmethod 251 0x0000025f4fe92e90 code [0x0000025f4fe93020, 0x0000025f4fe93298]
Event: 0.548 Thread 0x0000025f63025000  252       4       java.util.zip.ZipFile$Source::nextEntryPos (22 bytes)
Event: 0.548 Thread 0x0000025f63027d80  268       3       java.util.zip.ZipUtils::CENLEN (9 bytes)
Event: 0.548 Thread 0x0000025f63027d80 nmethod 268 0x0000025f48402d10 code [0x0000025f48402ec0, 0x0000025f48403198]
Event: 0.548 Thread 0x0000025f63027d80  269       3       java.io.WinNTFileSystem::prefixLength (91 bytes)
Event: 0.549 Thread 0x0000025f63025000 nmethod 252 0x0000025f4fe93490 code [0x0000025f4fe93600, 0x0000025f4fe93738]
Event: 0.549 Thread 0x0000025f63025000  260       4       java.lang.StringBuilder::append (8 bytes)
Event: 0.550 Thread 0x0000025f63027d80 nmethod 269 0x0000025f48403310 code [0x0000025f48403620, 0x0000025f48404998]
Event: 0.550 Thread 0x0000025f63027d80  271       3       java.util.HashMap::put (13 bytes)
Event: 0.551 Thread 0x0000025f63027d80 nmethod 271 0x0000025f48405010 code [0x0000025f484051c0, 0x0000025f484054b8]
Event: 0.551 Thread 0x0000025f63027d80  270       1       sun.nio.fs.NativeBuffer::address (5 bytes)
Event: 0.551 Thread 0x0000025f63027d80 nmethod 270 0x0000025f4fe93890 code [0x0000025f4fe93a20, 0x0000025f4fe93af8]

GC Heap History (0 events):
No events

Deoptimization events (8 events):
Event: 0.285 Thread 0x0000025f40b06920 Uncommon trap: trap_request=0xffffff45 fr.pc=0x0000025f4fe812f8 relative=0x0000000000000078
Event: 0.285 Thread 0x0000025f40b06920 Uncommon trap: reason=unstable_if action=reinterpret pc=0x0000025f4fe812f8 method=java.lang.String.isLatin1()Z @ 10 c2
Event: 0.285 Thread 0x0000025f40b06920 DEOPT PACKING pc=0x0000025f4fe812f8 sp=0x00000060778fece0
Event: 0.285 Thread 0x0000025f40b06920 DEOPT UNPACKING pc=0x0000025f4f9323a3 sp=0x00000060778fec20 mode 2
Event: 0.419 Thread 0x0000025f40b06920 DEOPT PACKING pc=0x0000025f483c9067 sp=0x00000060778faaa0
Event: 0.419 Thread 0x0000025f40b06920 DEOPT UNPACKING pc=0x0000025f4f932b43 sp=0x00000060778f9ec0 mode 0
Event: 0.434 Thread 0x0000025f40b06920 DEOPT PACKING pc=0x0000025f483b7c51 sp=0x00000060778fabf0
Event: 0.434 Thread 0x0000025f40b06920 DEOPT UNPACKING pc=0x0000025f4f932b43 sp=0x00000060778fa068 mode 0

Classes unloaded (0 events):
No events

Classes redefined (0 events):
No events

Internal exceptions (0 events):
No events

VM Operations (2 events):
Event: 0.348 Executing VM operation: HandshakeAllThreads
Event: 0.348 Executing VM operation: HandshakeAllThreads done

Events (20 events):
Event: 0.521 loading class java/nio/DirectIntBufferRU
Event: 0.521 loading class java/nio/DirectIntBufferRU done
Event: 0.521 loading class jdk/internal/jimage/ImageStringsReader
Event: 0.521 loading class jdk/internal/jimage/ImageStrings
Event: 0.521 loading class jdk/internal/jimage/ImageStrings done
Event: 0.521 loading class jdk/internal/jimage/ImageStringsReader done
Event: 0.521 loading class jdk/internal/jimage/decompressor/Decompressor
Event: 0.521 loading class jdk/internal/jimage/decompressor/Decompressor done
Event: 0.522 loading class jdk/internal/jimage/ImageLocation
Event: 0.522 loading class jdk/internal/jimage/ImageLocation done
Event: 0.522 loading class java/util/Collections$EmptyIterator
Event: 0.522 loading class java/util/Collections$EmptyIterator done
Event: 0.522 loading class java/util/Collections$EmptyEnumeration
Event: 0.523 loading class java/util/Collections$EmptyEnumeration done
Event: 0.523 loading class jdk/internal/loader/BuiltinClassLoader$1
Event: 0.523 loading class jdk/internal/loader/BuiltinClassLoader$1 done
Event: 0.524 loading class java/lang/CompoundEnumeration
Event: 0.524 loading class java/lang/CompoundEnumeration done
Event: 0.524 loading class jdk/internal/loader/URLClassPath$1
Event: 0.525 loading class jdk/internal/loader/URLClassPath$1 done


Dynamic libraries:
0x00007ff769200000 - 0x00007ff769210000 	C:\Program Files\Java\jdk-17\bin\javaw.exe
0x00007ffd6e830000 - 0x00007ffd6ea28000 	C:\WINDOWS\SYSTEM32\ntdll.dll
0x00007ffd6e730000 - 0x00007ffd6e7ed000 	C:\WINDOWS\System32\KERNEL32.DLL
0x00007ffd6bf10000 - 0x00007ffd6c206000 	C:\WINDOWS\System32\KERNELBASE.dll
0x00007ffd6c560000 - 0x00007ffd6c660000 	C:\WINDOWS\System32\ucrtbase.dll
0x00007ffd57b90000 - 0x00007ffd57bab000 	C:\Program Files\Java\jdk-17\bin\VCRUNTIME140.dll
0x00007ffd63840000 - 0x00007ffd63859000 	C:\Program Files\Java\jdk-17\bin\jli.dll
0x00007ffd6e240000 - 0x00007ffd6e2ef000 	C:\WINDOWS\System32\ADVAPI32.dll
0x00007ffd6e0f0000 - 0x00007ffd6e18e000 	C:\WINDOWS\System32\msvcrt.dll
0x00007ffd6cd30000 - 0x00007ffd6cdcc000 	C:\WINDOWS\System32\sechost.dll
0x00007ffd6dd70000 - 0x00007ffd6de96000 	C:\WINDOWS\System32\RPCRT4.dll
0x00007ffd6cb90000 - 0x00007ffd6cd2e000 	C:\WINDOWS\System32\USER32.dll
0x00007ffd6c2a0000 - 0x00007ffd6c2c2000 	C:\WINDOWS\System32\win32u.dll
0x00007ffd6d480000 - 0x00007ffd6d4ac000 	C:\WINDOWS\System32\GDI32.dll
0x00007ffd6c660000 - 0x00007ffd6c77a000 	C:\WINDOWS\System32\gdi32full.dll
0x00007ffd6c780000 - 0x00007ffd6c81d000 	C:\WINDOWS\System32\msvcp_win.dll
0x00007ffd4f610000 - 0x00007ffd4f8aa000 	C:\WINDOWS\WinSxS\amd64_microsoft.windows.common-controls_6595b64144ccf1df_6.0.19041.3636_none_60b6a03d71f818d5\COMCTL32.dll
0x00007ffd6aad0000 - 0x00007ffd6aada000 	C:\WINDOWS\SYSTEM32\VERSION.dll
0x00007ffd6e2f0000 - 0x00007ffd6e320000 	C:\WINDOWS\System32\IMM32.DLL
0x00007ffd655a0000 - 0x00007ffd655ac000 	C:\Program Files\Java\jdk-17\bin\vcruntime140_1.dll
0x00007ffd45040000 - 0x00007ffd450ce000 	C:\Program Files\Java\jdk-17\bin\msvcp140.dll
0x00007ffcb2430000 - 0x00007ffcb3011000 	C:\Program Files\Java\jdk-17\bin\server\jvm.dll
0x00007ffd6c8f0000 - 0x00007ffd6c8f8000 	C:\WINDOWS\System32\PSAPI.DLL
0x00007ffd4ff30000 - 0x00007ffd4ff39000 	C:\WINDOWS\SYSTEM32\WSOCK32.dll
0x00007ffd6d410000 - 0x00007ffd6d47b000 	C:\WINDOWS\System32\WS2_32.dll
0x00007ffd4da10000 - 0x00007ffd4da37000 	C:\WINDOWS\SYSTEM32\WINMM.dll
0x00007ffd6aa30000 - 0x00007ffd6aa42000 	C:\WINDOWS\SYSTEM32\kernel.appcore.dll
0x00007ffd65420000 - 0x00007ffd6542a000 	C:\Program Files\Java\jdk-17\bin\jimage.dll
0x00007ffd69ed0000 - 0x00007ffd6a0b4000 	C:\WINDOWS\SYSTEM32\DBGHELP.DLL
0x00007ffd39ab0000 - 0x00007ffd39ae4000 	C:\WINDOWS\SYSTEM32\dbgcore.DLL
0x00007ffd6c210000 - 0x00007ffd6c292000 	C:\WINDOWS\System32\bcryptPrimitives.dll
0x00007ffd3dee0000 - 0x00007ffd3df05000 	C:\Program Files\Java\jdk-17\bin\java.dll
0x00007ffd25740000 - 0x00007ffd25817000 	C:\Program Files\Java\jdk-17\bin\jsvml.dll
0x00007ffd6d510000 - 0x00007ffd6dc55000 	C:\WINDOWS\System32\SHELL32.dll
0x00007ffd69660000 - 0x00007ffd69dfb000 	C:\WINDOWS\SYSTEM32\windows.storage.dll
0x00007ffd6e3d0000 - 0x00007ffd6e724000 	C:\WINDOWS\System32\combase.dll
0x00007ffd6b790000 - 0x00007ffd6b7bd000 	C:\WINDOWS\SYSTEM32\Wldp.dll
0x00007ffd6dc60000 - 0x00007ffd6dd0d000 	C:\WINDOWS\System32\SHCORE.dll
0x00007ffd6d4b0000 - 0x00007ffd6d505000 	C:\WINDOWS\System32\shlwapi.dll
0x00007ffd6be40000 - 0x00007ffd6be65000 	C:\WINDOWS\SYSTEM32\profapi.dll
0x00007ffd529a0000 - 0x00007ffd529b9000 	C:\Program Files\Java\jdk-17\bin\net.dll
0x00007ffd6ae50000 - 0x00007ffd6af5a000 	C:\WINDOWS\SYSTEM32\WINHTTP.dll
0x00007ffd6b580000 - 0x00007ffd6b5ea000 	C:\WINDOWS\system32\mswsock.dll
0x00007ffd526f0000 - 0x00007ffd52706000 	C:\Program Files\Java\jdk-17\bin\nio.dll
0x00007ffd52640000 - 0x00007ffd52658000 	C:\Program Files\Java\jdk-17\bin\zip.dll

dbghelp: loaded successfully - version: 4.0.5 - missing functions: none
symbol engine: initialized successfully - sym options: 0x614 - pdb path: .;C:\Program Files\Java\jdk-17\bin;C:\WINDOWS\SYSTEM32;C:\WINDOWS\WinSxS\amd64_microsoft.windows.common-controls_6595b64144ccf1df_6.0.19041.3636_none_60b6a03d71f818d5;C:\Program Files\Java\jdk-17\bin\server

VM Arguments:
jvm_args: -Dfile.encoding=windows-1252 -Dstdout.encoding=windows-1252 -Dstderr.encoding=windows-1252 -XX:+ShowCodeDetailsInExceptionMessages 
java_command: selenium.Scroll
java_class_path (initial): C:\selenium webdriver\eclipse\eclipse-workspace\selenium\target\classes;C:\selenium webdriver\jar files\testng-7.9.0.jar;C:\Users\relinat\.m2\repository\org\seleniumhq\selenium\selenium-java\4.16.1\selenium-java-4.16.1.jar;C:\Users\relinat\.m2\repository\org\seleniumhq\selenium\selenium-api\4.16.1\selenium-api-4.16.1.jar;C:\Users\relinat\.m2\repository\org\seleniumhq\selenium\selenium-chrome-driver\4.16.1\selenium-chrome-driver-4.16.1.jar;C:\Users\relinat\.m2\repository\com\google\auto\service\auto-service-annotations\1.1.1\auto-service-annotations-1.1.1.jar;C:\Users\relinat\.m2\repository\org\seleniumhq\selenium\selenium-chromium-driver\4.16.1\selenium-chromium-driver-4.16.1.jar;C:\Users\relinat\.m2\repository\org\seleniumhq\selenium\selenium-json\4.16.1\selenium-json-4.16.1.jar;C:\Users\relinat\.m2\repository\org\seleniumhq\selenium\selenium-manager\4.16.1\selenium-manager-4.16.1.jar;C:\Users\relinat\.m2\repository\org\seleniumhq\selenium\selenium-devtools-v118\4.16.1\selenium-devtools-v118-4.16.1.jar;C:\Users\relinat\.m2\repository\org\seleniumhq\selenium\selenium-devtools-v119\4.16.1\selenium-devtools-v119-4.16.1.jar;C:\Users\relinat\.m2\repository\org\seleniumhq\selenium\selenium-devtools-v120\4.16.1\selenium-devtools-v120-4.16.1.jar;C:\Users\relinat\.m2\repository\org\seleniumhq\selenium\selenium-devtools-v85\4.16.1\selenium-devtools-v85-4.16.1.jar;C:\Users\relinat\.m2\repository\org\seleniumhq\selenium\selenium-edge-driver\4.16.1\selenium-edge-driver-4.16.1.jar;C:\Users\relinat\.m2\repository\org\seleniumhq\selenium\selenium-firefox-driver\4.16.1\selenium-firefox-driver-4.16.1.jar;C:\Users\relinat\.m2\repository\org\seleniumhq\selenium\selenium-http\4.16.1\selenium-http-4.16.1.jar;C:\Users\relinat\.m2\repository\dev\failsafe\failsafe\3.3.2\failsafe-3.3.2.jar;C:\Users\relinat\.m2\repository\org\seleniumhq\selenium\selenium-ie-driver\4.16.1\selenium-ie-driver-4.16.1.jar;C:\Users\relinat\.m2\repository\org\seleniumhq\selenium\seleniu
Launcher Type: SUN_STANDARD

[Global flags]
     intx CICompilerCount                          = 4                                         {product} {ergonomic}
     uint ConcGCThreads                            = 2                                         {product} {ergonomic}
     uint G1ConcRefinementThreads                  = 8                                         {product} {ergonomic}
   size_t G1HeapRegionSize                         = 1048576                                   {product} {ergonomic}
    uintx GCDrainStackTargetSize                   = 64                                        {product} {ergonomic}
   size_t InitialHeapSize                          = 132120576                                 {product} {ergonomic}
   size_t MarkStackSize                            = 4194304                                   {product} {ergonomic}
   size_t MaxHeapSize                              = 2097152000                                {product} {ergonomic}
   size_t MaxNewSize                               = 1258291200                                {product} {ergonomic}
   size_t MinHeapDeltaBytes                        = 1048576                                   {product} {ergonomic}
   size_t MinHeapSize                              = 8388608                                   {product} {ergonomic}
    uintx NonNMethodCodeHeapSize                   = 5839372                                {pd product} {ergonomic}
    uintx NonProfiledCodeHeapSize                  = 122909434                              {pd product} {ergonomic}
    uintx ProfiledCodeHeapSize                     = 122909434                              {pd product} {ergonomic}
    uintx ReservedCodeCacheSize                    = 251658240                              {pd product} {ergonomic}
     bool SegmentedCodeCache                       = true                                      {product} {ergonomic}
     bool ShowCodeDetailsInExceptionMessages       = true                                   {manageable} {command line}
   size_t SoftMaxHeapSize                          = 2097152000                             {manageable} {ergonomic}
     bool UseCompressedClassPointers               = true                           {product lp64_product} {ergonomic}
     bool UseCompressedOops                        = true                           {product lp64_product} {ergonomic}
     bool UseG1GC                                  = true                                      {product} {ergonomic}
     bool UseLargePagesIndividualAllocation        = false                                  {pd product} {ergonomic}

Logging:
Log output configuration:
 #0: stdout all=warning uptime,level,tags
 #1: stderr all=off uptime,level,tags

Environment Variables:
JAVA_HOME=C:\Program Files (x86)\Java\jdk1.8.0_321\bin
PATH=C:\Program Files\Common Files\Oracle\Java\javapath;C:\Program Files (x86)\Common Files\Oracle\Java\javapath;C:\Program Files\Java\jdk1.8.0_291\bin;O:\ora11202w\BIN;C:\WINDOWS\system32;C:\WINDOWS;C:\WINDOWS\System32\Wbem;C:\WINDOWS\System32\WindowsPowerShell\v1.0\;C:\WINDOWS\System32\OpenSSH\;C:\Program Files\dotnet\;C:\Program Files\Git\cmd;C:\Program Files\TortoiseGit\bin;C:\Program Files\apache-maven-3.9.6\bin;C:\Program Files (x86)\Java\jdk1.8.0_361\bin;C:\Program Files\Java\jdk-17\bin;C:\Program Files\Java\jdk-21\bin;C:\Program Files (x86)\Common Files\Oracle\Java\javapath;C:\Users\relinat\AppData\Local\Programs\Python\Python310\Scripts\;C:\Users\relinat\AppData\Local\Programs\Python\Python310\;C:\Users\relinat\AppData\Local\Microsoft\WindowsApps;;C:\Users\relinat\AppData\Local\Programs\Fiddler;C:\Program Files\JetBrains\PyCharm Community Edition 2022.1.1\bin;;C:\Users\relinat\AppData\Local\Programs\Microsoft VS Code\bin;C:\Users\relinat\AppData\Local\Microsoft\WindowsApps
USERNAME=relinat
OS=Windows_NT
PROCESSOR_IDENTIFIER=Intel64 Family 6 Model 142 Stepping 12, GenuineIntel



---------------  S Y S T E M  ---------------

OS:
 Windows 10 , 64 bit Build 19041 (10.0.19041.3636)
OS uptime: 2 days 7:16 hours
Hyper-V role detected

CPU: total 8 (initial active 8) (4 cores per cpu, 2 threads per core) family 6 model 142 stepping 12 microcode 0xde, cx8, cmov, fxsr, ht, mmx, 3dnowpref, sse, sse2, sse3, ssse3, sse4.1, sse4.2, popcnt, lzcnt, tsc, tscinvbit, avx, avx2, aes, erms, clmul, bmi1, bmi2, adx, fma, vzeroupper, clflush, clflushopt, hv

Memory: 4k page, system-wide physical 7998M (252M free)
TotalPageFile size 32574M (AvailPageFile size 0M)
current process WorkingSet (physical memory assigned to process): 36M, peak: 36M
current process commit charge ("private bytes"): 207M, peak: 207M

vm_info: Java HotSpot(TM) 64-Bit Server VM (17.0.9+11-LTS-201) for windows-amd64 JRE (17.0.9+11-LTS-201), built on Oct 10 2023 23:16:06 by "mach5one" with MS VC++ 17.1 (VS2022)

END.
